Using pre-set license
Built from '2020.2/release' branch; Version is '2020.2.1f1 (270dd8c3da1c) revision 2559448'; Using compiler version '192528614'; Build Type 'Release'
OS: 'Windows 10  (10.0.0) 64bit' Language: 'en' Physical Memory: 32699 MB
BatchMode: 1, IsHumanControllingUs: 0, StartBugReporterOnCrash: 0, Is64bit: 1, IsPro: 0

 COMMAND LINE ARGUMENTS:
D:\unitys\2020.2.1f1\Editor\Unity.exe
-adb2
-batchMode
-noUpm
-name
AssetImportWorker0
-projectPath
D:/Development Projects/A.G.E. Town
-logFile
Logs/AssetImportWorker0.log
-srvPort
50921
Successfully changed project path to: D:/Development Projects/A.G.E. Town
D:/Development Projects/A.G.E. Town
Using Asset Import Pipeline V2.
Refreshing native plugins compatible for Editor in 51.41 ms, found 0 plugins.
Preloading 0 native plugins for Editor in 0.00 ms.
Initialize engine version: 2020.2.1f1 (270dd8c3da1c)
[Subsystems] Discovering subsystems at path D:/unitys/2020.2.1f1/Editor/Data/Resources/UnitySubsystems
[Subsystems] Discovering subsystems at path D:/Development Projects/A.G.E. Town/Assets
GfxDevice: creating device client; threaded=0
Direct3D:
    Version:  Direct3D 11.0 [level 11.1]
    Renderer: NVIDIA GeForce RTX 2060 (ID=0x1e89)
    Vendor:   
    VRAM:     5967 MB
    Driver:   30.0.14.9676
Initialize mono
Mono path[0] = 'D:/unitys/2020.2.1f1/Editor/Data/Managed'
Mono path[1] = 'D:/unitys/2020.2.1f1/Editor/Data/MonoBleedingEdge/lib/mono/unityjit'
Mono config path = 'D:/unitys/2020.2.1f1/Editor/Data/MonoBleedingEdge/etc'
Using monoOptions --debugger-agent=transport=dt_socket,embedding=1,server=y,suspend=n,address=127.0.0.1:56480
Begin MonoManager ReloadAssembly
Registering precompiled unity dll's ...
Register platform support module: D:/unitys/2020.2.1f1/Editor/Data/PlaybackEngines/MacStandaloneSupport/UnityEditor.OSXStandalone.Extensions.dll
Register platform support module: D:/unitys/2020.2.1f1/Editor/Data/PlaybackEngines/WindowsStandaloneSupport/UnityEditor.WindowsStandalone.Extensions.dll
Register platform support module: D:/unitys/2020.2.1f1/Editor/Data/PlaybackEngines/LinuxStandaloneSupport/UnityEditor.LinuxStandalone.Extensions.dll
Registered in 0.002207 seconds.
Native extension for LinuxStandalone target not found
Native extension for WindowsStandalone target not found
Native extension for OSXStandalone target not found
Refreshing native plugins compatible for Editor in 48.11 ms, found 0 plugins.
Preloading 0 native plugins for Editor in 0.00 ms.
Invoked RoslynAnalysisRunner static constructor.
RoslynAnalysisRunner will not be running.
RoslynAnalysisRunner has terminated.
Mono: successfully reloaded assembly
- Completed reload, in  3.372 seconds
Platform modules already initialized, skipping
Registering precompiled user dll's ...
Registered in 0.001138 seconds.
Begin MonoManager ReloadAssembly
Native extension for LinuxStandalone target not found
Native extension for WindowsStandalone target not found
Native extension for OSXStandalone target not found
Refreshing native plugins compatible for Editor in 0.36 ms, found 0 plugins.
Preloading 0 native plugins for Editor in 0.00 ms.
Invoked RoslynAnalysisRunner static constructor.
RoslynAnalysisRunner will not be running.
RoslynAnalysisRunner has terminated.
Mono: successfully reloaded assembly
- Completed reload, in  1.246 seconds
Platform modules already initialized, skipping
========================================================================
Worker process is ready to serve import requests
Launched and connected shader compiler UnityShaderCompiler.exe after 0.04 seconds
Refreshing native plugins compatible for Editor in 0.61 ms, found 0 plugins.
Preloading 0 native plugins for Editor in 0.00 ms.
Unloading 1093 Unused Serialized files (Serialized files now loaded: 0)
System memory in use before: 70.0 MB.
System memory in use after: 70.1 MB.

Unloading 9 unused Assets to reduce memory usage. Loaded Objects now: 1554.
Total: 3.345600 ms (FindLiveObjects: 0.277900 ms CreateObjectMapping: 0.093100 ms MarkObjects: 2.858300 ms  DeleteObjects: 0.114000 ms)

========================================================================
Received Import Request.
  path: Assets/Scripts/lib/Node.cs
  artifactKey: Guid(d3a92997f63274d4c835765fcea1d3b8) Importer(815301076,1909f56bfc062723c751e8b465ee728b)
Start importing Assets/Scripts/lib/Node.cs using Guid(d3a92997f63274d4c835765fcea1d3b8) Importer(815301076,1909f56bfc062723c751e8b465ee728b)  -> (artifact id: 'a73d914f0639157eb6595379a8f12893') in 0.127394 seconds
  Import took 0.130954 seconds .

========================================================================
Received Import Request.
  Time since last request: 83.367349 seconds.
  path: Assets/prefabs/DoorPoint.prefab
  artifactKey: Guid(2d9c1c5c388d5ab4ebc2d11f43dc0a60) Importer(815301076,1909f56bfc062723c751e8b465ee728b)
Start importing Assets/prefabs/DoorPoint.prefab using Guid(2d9c1c5c388d5ab4ebc2d11f43dc0a60) Importer(815301076,1909f56bfc062723c751e8b465ee728b)  -> (artifact id: 'd823353c6add4137dff55240d2cfdf90') in 0.126862 seconds
  Import took 0.129272 seconds .

========================================================================
Received Import Request.
  Time since last request: 0.000381 seconds.
  path: Assets/prefabs/Terrain.prefab
  artifactKey: Guid(a0a8da02efb972749bf70b9eecb4e020) Importer(815301076,1909f56bfc062723c751e8b465ee728b)
Start importing Assets/prefabs/Terrain.prefab using Guid(a0a8da02efb972749bf70b9eecb4e020) Importer(815301076,1909f56bfc062723c751e8b465ee728b)  -> (artifact id: '3a1002129cc8f246c33bf0f798609563') in 0.010513 seconds
  Import took 0.012851 seconds .

========================================================================
Received Import Request.
  Time since last request: 0.000298 seconds.
  path: Assets/prefabs/Main Camera.prefab
  artifactKey: Guid(ecdb69770287c0d469e20b9f02680904) Importer(815301076,1909f56bfc062723c751e8b465ee728b)
Start importing Assets/prefabs/Main Camera.prefab using Guid(ecdb69770287c0d469e20b9f02680904) Importer(815301076,1909f56bfc062723c751e8b465ee728b)  -> (artifact id: '38efd435a5bc1e084be04cb8fa1aeef7') in 0.011860 seconds
  Import took 0.014899 seconds .

========================================================================
Received Import Request.
  Time since last request: 0.000323 seconds.
  path: Assets/prefabs/Work.prefab
  artifactKey: Guid(59450eafc3cbe7644b1b770c53aef787) Importer(815301076,1909f56bfc062723c751e8b465ee728b)
Start importing Assets/prefabs/Work.prefab using Guid(59450eafc3cbe7644b1b770c53aef787) Importer(815301076,1909f56bfc062723c751e8b465ee728b)  -> (artifact id: '3435fe24ce04e3e0304cd5e898935e05') in 0.028606 seconds
  Import took 0.031359 seconds .

========================================================================
Received Import Request.
  Time since last request: 0.000366 seconds.
  path: Assets/prefabs/Houses.prefab
  artifactKey: Guid(9bbe58cc1c84edb48b04b7f5af0778e4) Importer(815301076,1909f56bfc062723c751e8b465ee728b)
Start importing Assets/prefabs/Houses.prefab using Guid(9bbe58cc1c84edb48b04b7f5af0778e4) Importer(815301076,1909f56bfc062723c751e8b465ee728b)  -> (artifact id: '5e86ea038511e8999b441eb9c80533fc') in 0.024078 seconds
  Import took 0.026954 seconds .

========================================================================
Received Import Request.
  Time since last request: 0.000348 seconds.
  path: Assets/prefabs/Eat.prefab
  artifactKey: Guid(be047a81b314c524485804aa496892e2) Importer(815301076,1909f56bfc062723c751e8b465ee728b)
Start importing Assets/prefabs/Eat.prefab using Guid(be047a81b314c524485804aa496892e2) Importer(815301076,1909f56bfc062723c751e8b465ee728b)  -> (artifact id: '9bc1fe1c225806fcc813af8d341ec708') in 0.031232 seconds
  Import took 0.033905 seconds .

========================================================================
Received Import Request.
  Time since last request: 0.000302 seconds.
  path: Assets/prefabs/SunContainer.prefab
  artifactKey: Guid(3cedda19b126002429aae7f957b52052) Importer(815301076,1909f56bfc062723c751e8b465ee728b)
Start importing Assets/prefabs/SunContainer.prefab using Guid(3cedda19b126002429aae7f957b52052) Importer(815301076,1909f56bfc062723c751e8b465ee728b)  -> (artifact id: 'f6480ba261c221d523d717a386d4ee32') in 0.010979 seconds
  Import took 0.013632 seconds .

========================================================================
Received Import Request.
  Time since last request: 0.000370 seconds.
  path: Assets/prefabs/Player_Hero Variant.prefab
  artifactKey: Guid(0d49edeba35f2c34c817906b5c94c067) Importer(815301076,1909f56bfc062723c751e8b465ee728b)
Start importing Assets/prefabs/Player_Hero Variant.prefab using Guid(0d49edeba35f2c34c817906b5c94c067) Importer(815301076,1909f56bfc062723c751e8b465ee728b)  -> (artifact id: '9cdf7bf7178cbdd638fe3179e2ad17a0') in 0.062728 seconds
  Import took 0.066750 seconds .

========================================================================
Received Import Request.
  Time since last request: 0.000417 seconds.
  path: Assets/prefabs/Entertainment.prefab
  artifactKey: Guid(43c0004141a8b154ba6075d6236ba12a) Importer(815301076,1909f56bfc062723c751e8b465ee728b)
Start importing Assets/prefabs/Entertainment.prefab using Guid(43c0004141a8b154ba6075d6236ba12a) Importer(815301076,1909f56bfc062723c751e8b465ee728b)  -> (artifact id: 'd219446946d8ed0d07ad5b51e167ab8c') in 0.037824 seconds
  Import took 0.040777 seconds .

========================================================================
Received Import Request.
  Time since last request: 1.756045 seconds.
  path: Assets/prefabs/Mayor.prefab
  artifactKey: Guid(41ff092cb5645a54d95b042fbd65d3fa) Importer(815301076,1909f56bfc062723c751e8b465ee728b)
Start importing Assets/prefabs/Mayor.prefab using Guid(41ff092cb5645a54d95b042fbd65d3fa) Importer(815301076,1909f56bfc062723c751e8b465ee728b)  -> (artifact id: '69b3f0ef6029d193182357f96ad7e5d0') in 0.012792 seconds
  Import took 0.016348 seconds .

========================================================================
Received Import Request.
  Time since last request: 0.007404 seconds.
  path: Assets/prefabs/Mayor.prefab
  artifactKey: Guid(41ff092cb5645a54d95b042fbd65d3fa) Importer(815301076,1909f56bfc062723c751e8b465ee728b)
Start importing Assets/prefabs/Mayor.prefab using Guid(41ff092cb5645a54d95b042fbd65d3fa) Importer(815301076,1909f56bfc062723c751e8b465ee728b)  -> (artifact id: '69b3f0ef6029d193182357f96ad7e5d0') in 0.005679 seconds
  Import took 0.009284 seconds .

========================================================================
Received Import Request.
  Time since last request: 4.178201 seconds.
  path: Assets/Scripts/NPC
  artifactKey: Guid(51dd3b36c9f65a044b4c4d446d87d9ee) Importer(815301076,1909f56bfc062723c751e8b465ee728b)
Start importing Assets/Scripts/NPC using Guid(51dd3b36c9f65a044b4c4d446d87d9ee) Importer(815301076,1909f56bfc062723c751e8b465ee728b)  -> (artifact id: 'a3992f703939793b0f802275bd5d6dda') in 0.005349 seconds
  Import took 0.007253 seconds .

========================================================================
Received Import Request.
  Time since last request: 0.000730 seconds.
  path: Assets/Scripts/NPC
  artifactKey: Guid(51dd3b36c9f65a044b4c4d446d87d9ee) Importer(815301076,1909f56bfc062723c751e8b465ee728b)
Start importing Assets/Scripts/NPC using Guid(51dd3b36c9f65a044b4c4d446d87d9ee) Importer(815301076,1909f56bfc062723c751e8b465ee728b)  -> (artifact id: 'a3992f703939793b0f802275bd5d6dda') in 0.001879 seconds
  Import took 0.003652 seconds .

========================================================================
Received Import Request.
  Time since last request: 11.175147 seconds.
  path: Assets/Scripts/NPC/DestinationManager.cs
  artifactKey: Guid(20381cd2470c81c499c2f5213de390d8) Importer(815301076,1909f56bfc062723c751e8b465ee728b)
Start importing Assets/Scripts/NPC/DestinationManager.cs using Guid(20381cd2470c81c499c2f5213de390d8) Importer(815301076,1909f56bfc062723c751e8b465ee728b)  -> (artifact id: '4ceb0fe3713b4fa7cac62a3484219e23') in 0.007962 seconds
  Import took 0.010250 seconds .

========================================================================
Received Prepare
Registering precompiled user dll's ...
Registered in 0.000874 seconds.
Begin MonoManager ReloadAssembly
Native extension for LinuxStandalone target not found
Native extension for WindowsStandalone target not found
Native extension for OSXStandalone target not found
Refreshing native plugins compatible for Editor in 0.38 ms, found 0 plugins.
Preloading 0 native plugins for Editor in 0.00 ms.
Invoked RoslynAnalysisRunner static constructor.
RoslynAnalysisRunner will not be running.
RoslynAnalysisRunner has terminated.
Mono: successfully reloaded assembly
- Completed reload, in  1.336 seconds
Platform modules already initialized, skipping
Refreshing native plugins compatible for Editor in 0.39 ms, found 0 plugins.
Preloading 0 native plugins for Editor in 0.00 ms.
Unloading 1089 Unused Serialized files (Serialized files now loaded: 0)
System memory in use before: 73.6 MB.
System memory in use after: 73.7 MB.

Unloading 5 unused Assets to reduce memory usage. Loaded Objects now: 1565.
Total: 2.673800 ms (FindLiveObjects: 0.318500 ms CreateObjectMapping: 0.125700 ms MarkObjects: 2.196700 ms  DeleteObjects: 0.031000 ms)

AssetImportWorkerClient::OnTransportError - code=2 error=End of file
